mode: atomic
github.com/ava-labs/hypersdk-starter-kit/consts/consts.go:18.13,22.16 4 0
github.com/ava-labs/hypersdk-starter-kit/consts/consts.go:22.16,23.13 1 0
github.com/ava-labs/hypersdk-starter-kit/consts/consts.go:25.2,25.11 1 0
github.com/ava-labs/hypersdk-starter-kit/actions/transfer.go:42.36,44.2 1 0
github.com/ava-labs/hypersdk-starter-kit/actions/transfer.go:46.72,51.2 1 0
github.com/ava-labs/hypersdk-starter-kit/actions/transfer.go:60.24,61.18 1 8
github.com/ava-labs/hypersdk-starter-kit/actions/transfer.go:61.18,63.3 1 1
github.com/ava-labs/hypersdk-starter-kit/actions/transfer.go:64.2,64.31 1 7
github.com/ava-labs/hypersdk-starter-kit/actions/transfer.go:64.31,66.3 1 0
github.com/ava-labs/hypersdk-starter-kit/actions/transfer.go:67.2,68.16 2 7
github.com/ava-labs/hypersdk-starter-kit/actions/transfer.go:68.16,70.3 1 3
github.com/ava-labs/hypersdk-starter-kit/actions/transfer.go:71.2,72.16 2 4
github.com/ava-labs/hypersdk-starter-kit/actions/transfer.go:72.16,74.3 1 0
github.com/ava-labs/hypersdk-starter-kit/actions/transfer.go:76.2,79.8 1 4
github.com/ava-labs/hypersdk-starter-kit/actions/transfer.go:82.51,84.2 1 0
github.com/ava-labs/hypersdk-starter-kit/actions/transfer.go:86.57,89.2 1 0
github.com/ava-labs/hypersdk-starter-kit/actions/transfer.go:98.42,100.2 1 0
github.com/ava-labs/hypersdk-starter-kit/consts/consts.go:18.13,22.16 4 1
github.com/ava-labs/hypersdk-starter-kit/consts/consts.go:22.16,23.13 1 0
github.com/ava-labs/hypersdk-starter-kit/consts/consts.go:25.2,25.11 1 1
github.com/ava-labs/hypersdk-starter-kit/storage/state_manager.go:18.72,22.2 1 4
github.com/ava-labs/hypersdk-starter-kit/storage/state_manager.go:29.9,31.16 2 2
github.com/ava-labs/hypersdk-starter-kit/storage/state_manager.go:31.16,33.3 1 0
github.com/ava-labs/hypersdk-starter-kit/storage/state_manager.go:34.2,34.18 1 2
github.com/ava-labs/hypersdk-starter-kit/storage/state_manager.go:34.18,36.3 1 1
github.com/ava-labs/hypersdk-starter-kit/storage/state_manager.go:37.2,37.12 1 1
github.com/ava-labs/hypersdk-starter-kit/storage/state_manager.go:45.9,48.2 2 2
github.com/ava-labs/hypersdk-starter-kit/storage/state_manager.go:55.9,58.2 2 9
github.com/ava-labs/hypersdk-starter-kit/storage/state_manager.go:60.112,62.2 1 8
github.com/ava-labs/hypersdk-starter-kit/storage/storage.go:37.48,43.2 5 25
github.com/ava-labs/hypersdk-starter-kit/storage/storage.go:50.19,53.2 2 10
github.com/ava-labs/hypersdk-starter-kit/storage/storage.go:59.33,63.2 3 21
github.com/ava-labs/hypersdk-starter-kit/storage/storage.go:70.19,75.2 4 0
github.com/ava-labs/hypersdk-starter-kit/storage/storage.go:80.25,81.42 1 21
github.com/ava-labs/hypersdk-starter-kit/storage/storage.go:81.42,83.3 1 9
github.com/ava-labs/hypersdk-starter-kit/storage/storage.go:84.2,84.16 1 12
github.com/ava-labs/hypersdk-starter-kit/storage/storage.go:84.16,86.3 1 0
github.com/ava-labs/hypersdk-starter-kit/storage/storage.go:87.2,88.16 2 12
github.com/ava-labs/hypersdk-starter-kit/storage/storage.go:88.16,90.3 1 0
github.com/ava-labs/hypersdk-starter-kit/storage/storage.go:91.2,91.23 1 12
github.com/ava-labs/hypersdk-starter-kit/storage/storage.go:99.9,102.2 2 0
github.com/ava-labs/hypersdk-starter-kit/storage/storage.go:109.9,111.2 1 8
github.com/ava-labs/hypersdk-starter-kit/storage/storage.go:118.19,120.16 2 9
github.com/ava-labs/hypersdk-starter-kit/storage/storage.go:120.16,122.3 1 0
github.com/ava-labs/hypersdk-starter-kit/storage/storage.go:123.2,124.16 2 9
github.com/ava-labs/hypersdk-starter-kit/storage/storage.go:124.16,132.3 1 1
github.com/ava-labs/hypersdk-starter-kit/storage/storage.go:133.2,133.45 1 8
github.com/ava-labs/hypersdk-starter-kit/storage/storage.go:141.19,143.9 2 2
github.com/ava-labs/hypersdk-starter-kit/storage/storage.go:143.9,145.3 1 0
github.com/ava-labs/hypersdk-starter-kit/storage/storage.go:146.2,146.16 1 2
github.com/ava-labs/hypersdk-starter-kit/storage/storage.go:146.16,148.3 1 0
github.com/ava-labs/hypersdk-starter-kit/storage/storage.go:149.2,150.16 2 2
github.com/ava-labs/hypersdk-starter-kit/storage/storage.go:150.16,158.3 1 1
github.com/ava-labs/hypersdk-starter-kit/storage/storage.go:159.2,159.15 1 1
github.com/ava-labs/hypersdk-starter-kit/storage/storage.go:159.15,163.3 1 1
github.com/ava-labs/hypersdk-starter-kit/storage/storage.go:164.2,164.45 1 0
github.com/ava-labs/hypersdk-starter-kit/throughput/helper.go:37.65,39.16 2 0
github.com/ava-labs/hypersdk-starter-kit/throughput/helper.go:39.16,41.3 1 0
github.com/ava-labs/hypersdk-starter-kit/throughput/helper.go:43.2,44.16 2 0
github.com/ava-labs/hypersdk-starter-kit/throughput/helper.go:47.54,50.16 3 0
github.com/ava-labs/hypersdk-starter-kit/throughput/helper.go:50.16,52.3 1 0
github.com/ava-labs/hypersdk-starter-kit/throughput/helper.go:53.2,54.12 2 0
github.com/ava-labs/hypersdk-starter-kit/throughput/helper.go:57.76,59.2 1 0
github.com/ava-labs/hypersdk-starter-kit/throughput/helper.go:61.76,63.16 2 0
github.com/ava-labs/hypersdk-starter-kit/throughput/helper.go:63.16,65.3 1 0
github.com/ava-labs/hypersdk-starter-kit/throughput/helper.go:67.2,67.21 1 0
github.com/ava-labs/hypersdk-starter-kit/throughput/helper.go:70.98,76.2 1 0
github.com/ava-labs/hypersdk-starter-kit/throughput/helper.go:78.51,82.2 2 0
github.com/ava-labs/hypersdk-starter-kit/throughput/helper.go:84.44,86.2 1 0
github.com/ava-labs/hypersdk-starter-kit/vm/client.go:29.50,34.2 4 0
github.com/ava-labs/hypersdk-starter-kit/vm/client.go:36.89,37.18 1 0
github.com/ava-labs/hypersdk-starter-kit/vm/client.go:37.18,39.3 1 0
github.com/ava-labs/hypersdk-starter-kit/vm/client.go:41.2,48.16 3 0
github.com/ava-labs/hypersdk-starter-kit/vm/client.go:48.16,50.3 1 0
github.com/ava-labs/hypersdk-starter-kit/vm/client.go:51.2,52.26 2 0
github.com/ava-labs/hypersdk-starter-kit/vm/client.go:55.92,66.2 3 0
github.com/ava-labs/hypersdk-starter-kit/vm/client.go:72.9,73.89 1 0
github.com/ava-labs/hypersdk-starter-kit/vm/client.go:73.89,75.17 2 0
github.com/ava-labs/hypersdk-starter-kit/vm/client.go:75.17,77.4 1 0
github.com/ava-labs/hypersdk-starter-kit/vm/client.go:78.3,79.18 2 0
github.com/ava-labs/hypersdk-starter-kit/vm/client.go:79.18,85.4 1 0
github.com/ava-labs/hypersdk-starter-kit/vm/client.go:86.3,86.25 1 0
github.com/ava-labs/hypersdk-starter-kit/vm/client.go:90.77,92.16 2 0
github.com/ava-labs/hypersdk-starter-kit/vm/client.go:92.16,94.3 1 0
github.com/ava-labs/hypersdk-starter-kit/vm/client.go:95.2,95.26 1 0
github.com/ava-labs/hypersdk-starter-kit/vm/client.go:104.45,106.2 1 0
github.com/ava-labs/hypersdk-starter-kit/vm/client.go:108.62,110.2 1 0
github.com/ava-labs/hypersdk-starter-kit/vm/client.go:112.61,114.2 1 0
github.com/ava-labs/hypersdk-starter-kit/vm/client.go:116.58,118.2 1 0
github.com/ava-labs/hypersdk-starter-kit/vm/client.go:120.62,122.2 1 0
github.com/ava-labs/hypersdk-starter-kit/vm/client.go:125.62,127.63 2 0
github.com/ava-labs/hypersdk-starter-kit/vm/client.go:127.63,129.3 1 0
github.com/ava-labs/hypersdk-starter-kit/vm/client.go:130.2,130.33 1 0
github.com/ava-labs/hypersdk-starter-kit/vm/option.go:17.32,21.2 1 0
github.com/ava-labs/hypersdk-starter-kit/vm/option.go:23.23,24.99 1 0
github.com/ava-labs/hypersdk-starter-kit/vm/option.go:24.99,25.22 1 0
github.com/ava-labs/hypersdk-starter-kit/vm/option.go:25.22,27.4 1 0
github.com/ava-labs/hypersdk-starter-kit/vm/option.go:28.3,28.52 1 0
github.com/ava-labs/hypersdk-starter-kit/vm/server.go:22.65,28.2 2 0
github.com/ava-labs/hypersdk-starter-kit/vm/server.go:34.49,36.2 1 0
github.com/ava-labs/hypersdk-starter-kit/vm/server.go:42.96,45.2 2 0
github.com/ava-labs/hypersdk-starter-kit/vm/server.go:55.98,60.16 4 0
github.com/ava-labs/hypersdk-starter-kit/vm/server.go:60.16,62.3 1 0
github.com/ava-labs/hypersdk-starter-kit/vm/server.go:63.2,64.12 2 0
github.com/ava-labs/hypersdk-starter-kit/vm/vm.go:30.13,53.20 8 0
github.com/ava-labs/hypersdk-starter-kit/vm/vm.go:53.20,54.18 1 0
github.com/ava-labs/hypersdk-starter-kit/vm/vm.go:59.48,72.2 2 0
